-------------------------------------------------------------------------------
Test set: guru.springframework.msscbeerservice.MsscBeerServiceApplicationTests
-------------------------------------------------------------------------------
Tests run: 1, Failures: 0, Errors: 1, Skipped: 0, Time elapsed: 5.538 s <<< FAILURE! - in guru.springframework.msscbeerservice.MsscBeerServiceApplicationTests
contextLoads  Time elapsed: 0.001 s  <<< ERROR!
java.lang.IllegalStateException: Failed to load ApplicationContext
Caused by: org.springframework.beans.factory.UnsatisfiedDependencyException: Error creating bean with name 'beerServiceImpl' defined in file [C:\Users\carlos.santos\Documents\github\mssc-beer-service\target\classes\guru\springframework\msscbeerservice\services\BeerServiceImpl.class]: Unsatisfied dependency expressed through constructor parameter 1; nested exception is org.springframework.beans.factory.NoSuchBeanDefinitionException: No qualifying bean of type 'guru.springframework.msscbeerservice.web.mappers.BeerMapper' available: expected at least 1 bean which qualifies as autowire candidate. Dependency annotations: {}
Caused by: org.springframework.beans.factory.NoSuchBeanDefinitionException: No qualifying bean of type 'guru.springframework.msscbeerservice.web.mappers.BeerMapper' available: expected at least 1 bean which qualifies as autowire candidate. Dependency annotations: {}

